2021-12-13 13:42:50,538 - root - INFO - 서울대        414.800000
연세대(자연)    726.233333
연세대(인문)    747.683333
고려대(자연)    691.640625
고려대(인문)    690.842857
한양대(자연)    961.370855
한양대(인문)    957.948231
한양대(상경)    957.816740
중앙대(자연)    795.610000
서강대(자연)    515.556000
dtype: float64
2021-12-13 13:43:26,638 - 서울대        414.800000
연세대(자연)    726.233333
연세대(인문)    747.683333
고려대(자연)    691.640625
고려대(인문)    690.842857
한양대(자연)    961.370855
한양대(인문)    957.948231
한양대(상경)    957.816740
중앙대(자연)    795.610000
서강대(자연)    515.556000
dtype: float64
2021-12-13 13:45:40,235 - 서울대        400.100000
연세대(자연)    701.433333
연세대(인문)    723.725000
고려대(자연)    668.328125
고려대(인문)    669.800000
한양대(자연)    932.657786
한양대(인문)    931.989577
한양대(상경)    928.982688
중앙대(자연)    775.470000
서강대(자연)    502.436000
dtype: float64
2021-12-13 13:48:26,310 - 서울대        414.800000
연세대(자연)    726.233333
연세대(인문)    747.683333
고려대(자연)    691.640625
고려대(인문)    690.842857
한양대(자연)    961.370855
한양대(인문)    957.948231
한양대(상경)    957.816740
중앙대(자연)    795.610000
서강대(자연)    515.556000
dtype: float64

2021-12-13 13:50:33,156
 - 서울대        414.800000
연세대(자연)    726.233333
연세대(인문)    747.683333
고려대(자연)    691.640625
고려대(인문)    690.842857
한양대(자연)    961.370855
한양대(인문)    957.948231
한양대(상경)    957.816740
중앙대(자연)    795.610000
서강대(자연)    515.556000
dtype: float64
2021-12-13 13:50:57,984 
 서울대        414.800000
연세대(자연)    726.233333
연세대(인문)    747.683333
고려대(자연)    691.640625
고려대(인문)    690.842857
한양대(자연)    961.370855
한양대(인문)    957.948231
한양대(상경)    957.816740
중앙대(자연)    795.610000
서강대(자연)    515.556000
dtype: float64
2021-12-13 13:53:25,932 
서울대        414.800000
연세대(자연)    726.233333
연세대(인문)    747.683333
고려대(자연)    691.640625
고려대(인문)    690.842857
한양대(자연)    961.370855
한양대(인문)    957.948231
한양대(상경)    957.816740
중앙대(자연)    795.610000
서강대(자연)    515.556000
dtype: float64
2021-12-13 13:54:21,235 
최필립3432
2021-12-13 13:54:21,280 
서울대        414.800000
연세대(자연)    726.233333
연세대(인문)    747.683333
고려대(자연)    691.640625
고려대(인문)    690.842857
한양대(자연)    961.370855
한양대(인문)    957.948231
한양대(상경)    957.816740
중앙대(자연)    795.610000
서강대(자연)    515.556000
dtype: float64
2021-12-13 14:38:04,751 
서울대        414.800000
연세대(자연)    726.233333
연세대(인문)    747.683333
고려대(자연)    691.640625
고려대(인문)    690.842857
한양대(자연)    961.370855
한양대(인문)    957.948231
한양대(상경)    957.816740
중앙대(자연)    795.610000
서강대(자연)    515.556000
dtype: float64
2021-12-14 16:48:01,804 
None
2021-12-14 16:48:31,824 
None
